<?xml version="1.0" encoding="UTF-8"?>
<!-- Generated by org.testng.reporters.JUnitReportReporter -->
<testsuite hostname="yashpal-Latitude-5490" failures="0" tests="3" name="day4.TestA" time="0.014" errors="0" timestamp="18 Jan 2022 07:27:43 GMT" skipped="0">
  <testcase classname="day4.TestA" name="third" time="0.002"/>
  <testcase classname="day4.TestA" name="second" time="0.001"/>
  <testcase classname="day4.TestA" name="first" time="0.011"/>
</testsuite> <!-- day4.TestA -->
