<?xml version="1.0" encoding="UTF-8"?>
<!-- Generated by org.testng.reporters.JUnitReportReporter -->
<testsuite hostname="yashpal-Latitude-5490" failures="0" tests="2" name="day5.DataDrivenTestingUsingExcel" time="6.335" errors="0" timestamp="20 Jan 2022 06:23:48 GMT" skipped="0">
  <testcase classname="day5.DataDrivenTestingUsingExcel" name="login" time="6.255"/>
  <testcase classname="day5.DataDrivenTestingUsingExcel" name="logout" time="0.080"/>
</testsuite> <!-- day5.DataDrivenTestingUsingExcel -->
