<?xml version="1.0" encoding="UTF-8"?>
<!-- Generated by org.testng.reporters.JUnitReportReporter -->
<testsuite hostname="yashpal-Latitude-5490" failures="0" tests="1" name="day4.TestC" time="0.004" errors="0" timestamp="18 Jan 2022 07:33:18 GMT" skipped="0">
  <testcase classname="day4.TestC" name="f" time="0.004"/>
</testsuite> <!-- day4.TestC -->
