<?xml version="1.0" encoding="UTF-8"?>
<!-- Generated by org.testng.reporters.JUnitReportReporter -->
<testsuite hostname="yashpal-Latitude-5490" failures="0" tests="1" name="day4.TestD" time="0.011" errors="0" timestamp="18 Jan 2022 07:32:14 GMT" skipped="0">
  <testcase classname="day4.TestD" name="f" time="0.011"/>
</testsuite> <!-- day4.TestD -->
