<?xml version="1.0" encoding="UTF-8"?>
<!-- Generated by org.testng.reporters.JUnitReportReporter -->
<testsuite hostname="yashpal-Latitude-5490" failures="0" tests="3" name="day4.DataDrivenTesting" time="8.144" errors="0" timestamp="20 Jan 2022 06:25:09 GMT" skipped="0">
  <testcase classname="day4.DataDrivenTesting" name="f" time="2.573"/>
  <testcase classname="day4.DataDrivenTesting" name="f" time="2.952"/>
  <testcase classname="day4.DataDrivenTesting" name="f" time="2.619"/>
</testsuite> <!-- day4.DataDrivenTesting -->
